生成启动时间为 2015/9/15 22:08:01。
     1>项目“C:\Users\Infertom-PC\Documents\Visual Studio 2010\Projects\5structure_exercise2\5structure_exercise2\5structure_exercise2.vcxproj”在节点 2 上(build 个目标)。
     1>InitializeBuildStatus:
         正在对“Debug\5structure_exercise2.unsuccessfulbuild”执行 Touch 任务。
       ClCompile:
         D:\Microsoft Visual Studio 10.0\VC\bin\CL.exe /c /ZI /nologo /W3 /WX- /Od /Oy- /D WIN32 /D _DEBUG /D _CONSOLE /D _UNICODE /D UNICODE /Gm /EHsc /RTC1 /MDd /GS /fp:precise /Zc:wchar_t /Zc:forScope /Fo"Debug\\" /Fd"Debug\vc100.pdb" /Gd /TP /analyze- /errorReport:prompt buildpage.cpp group.cpp listing.cpp main.cpp processrequest.cpp
         main.cpp
     1>d:\microsoft visual studio 10.0\vc\include\xxresult(28): error C2825: '_Fty': 当后面跟“::”时必须为类或命名空间
                 d:\microsoft visual studio 10.0\vc\include\xxresult(40): 参见对正在编译的类 模板 实例化“std::tr1::_Result_type2<__formal,_Fty,_Arg0,_Arg1>”的引用
                 with
                 [
                     __formal=false,
                     _Fty=int,
                     _Arg0=std::tr1::_Nil &,
                     _Arg1=std::tr1::_Nil &
                 ]
                 d:\microsoft visual studio 10.0\vc\include\xxresult(597): 参见对正在编译的类 模板 实例化“std::tr1::_Result_of2<_Fty,_Farg0,_Farg1>”的引用
                 with
                 [
                     _Fty=int,
                     _Farg0=std::tr1::_Nil &,
                     _Farg1=std::tr1::_Nil &
                 ]
                 d:\microsoft visual studio 10.0\vc\include\xrefwrap(28): 参见对正在编译的类 模板 实例化“std::tr1::_Result_of<_Ty>”的引用
                 with
                 [
                     _Ty=int (std::tr1::_Nil &,std::tr1::_Nil &)
                 ]
                 d:\microsoft visual studio 10.0\vc\include\xxbind1(273): 参见对正在编译的类 模板 实例化“std::tr1::result_of<_Fty>”的引用
                 with
                 [
                     _Fty=int (std::tr1::_Nil &,std::tr1::_Nil &)
                 ]
                 d:\microsoft visual studio 10.0\vc\include\xxbind0(10): 参见对正在编译的类 模板 实例化“std::tr1::_Bind2<_Callable,_Arg0,_Arg1>::_Return<_Barg0,_Barg1,_Barg2,_Barg3,_Barg4,_Barg5,_Barg6,_Barg7,_Barg8,_Barg9>”的引用
                 with
                 [
                     _Callable=std::tr1::_Callable_obj<int,false>,
                     _Arg0=sockaddr *,
                     _Arg1=unsigned int,
                     _Barg0=std::tr1::_Nil &,
                     _Barg1=std::tr1::_Nil &,
                     _Barg2=std::tr1::_Nil &,
                     _Barg3=std::tr1::_Nil &,
                     _Barg4=std::tr1::_Nil &,
                     _Barg5=std::tr1::_Nil &,
                     _Barg6=std::tr1::_Nil &,
                     _Barg7=std::tr1::_Nil &,
                     _Barg8=std::tr1::_Nil &,
                     _Barg9=std::tr1::_Nil &
                 ]
                 d:\microsoft visual studio 10.0\vc\include\functional(408): 参见对正在编译的类 模板 实例化“std::tr1::_Bind_base<_Ret,_BindN>”的引用
                 with
                 [
                     _Ret=std::tr1::_Notforced,
                     _BindN=std::tr1::_Bind2<std::tr1::_Callable_obj<int,false>,sockaddr *,unsigned int>
                 ]
                 c:\users\infertom-pc\documents\visual studio 2010\projects\5structure_exercise2\5structure_exercise2\main.cpp(85): 参见对正在编译的类 模板 实例化“std::tr1::_Bind_fty<_Fty,_Ret,_BindN>”的引用
                 with
                 [
                     _Fty=int,
                     _Ret=std::tr1::_Notforced,
                     _BindN=std::tr1::_Bind2<std::tr1::_Callable_obj<int,false>,sockaddr *,unsigned int>
                 ]
     1>d:\microsoft visual studio 10.0\vc\include\xxresult(28): error C2903: “result”: 符号既不是类 模板 也不是函数 模板
     1>d:\microsoft visual studio 10.0\vc\include\xxresult(28): error C2039: “result”: 不是“`global namespace'”的成员
     1>d:\microsoft visual studio 10.0\vc\include\xxresult(28): error C2143: 语法错误 : 缺少“;”(在“<”的前面)
     1>d:\microsoft visual studio 10.0\vc\include\xxresult(28): error C2039: “type”: 不是“`global namespace'”的成员
     1>d:\microsoft visual studio 10.0\vc\include\xxresult(28): error C2238: 意外的标记位于“;”之前
     1>d:\microsoft visual studio 10.0\vc\include\xxresult(40): error C2039: “_Type”: 不是“std::tr1::_Result_type2<__formal,_Fty,_Arg0,_Arg1>”的成员
                 with
                 [
                     __formal=false,
                     _Fty=int,
                     _Arg0=std::tr1::_Nil &,
                     _Arg1=std::tr1::_Nil &
                 ]
     1>d:\microsoft visual studio 10.0\vc\include\xxresult(40): error C2146: 语法错误: 缺少“;”(在标识符“_Type”的前面)
     1>d:\microsoft visual studio 10.0\vc\include\xxresult(40): error C4430: 缺少类型说明符 - 假定为 int。注意: C++ 不支持默认 int
     1>d:\microsoft visual studio 10.0\vc\include\xxresult(40): error C2602: “std::tr1::_Result_of2<_Fty,_Farg0,_Farg1>::_Type”不是“std::tr1::_Result_of2<_Fty,_Farg0,_Farg1>”基类的成员
                 with
                 [
                     _Fty=int,
                     _Farg0=std::tr1::_Nil &,
                     _Farg1=std::tr1::_Nil &
                 ]
                 d:\microsoft visual studio 10.0\vc\include\xxresult(40) : 参见“std::tr1::_Result_of2<_Fty,_Farg0,_Farg1>::_Type”的声明
                 with
                 [
                     _Fty=int,
                     _Farg0=std::tr1::_Nil &,
                     _Farg1=std::tr1::_Nil &
                 ]
     1>d:\microsoft visual studio 10.0\vc\include\xxresult(40): error C2868: “std::tr1::_Result_of2<_Fty,_Farg0,_Farg1>::_Type”: 非法的 using 声明语法；应输入限定名
                 with
                 [
                     _Fty=int,
                     _Farg0=std::tr1::_Nil &,
                     _Farg1=std::tr1::_Nil &
                 ]
         listing.cpp
         group.cpp
         正在生成代码...
     1>c:\users\infertom-pc\documents\visual studio 2010\projects\5structure_exercise2\5structure_exercise2\group.cpp(8): warning C4715: “Group::operator[]”: 不是所有的控件路径都返回值
         正在编译...
         processrequest.cpp
         buildpage.cpp
         正在生成代码...
     1>已完成生成项目“C:\Users\Infertom-PC\Documents\Visual Studio 2010\Projects\5structure_exercise2\5structure_exercise2\5structure_exercise2.vcxproj”(build 个目标)的操作 - 失败。

生成失败。

已用时间 00:00:09.34
